{"logLevel":"debug","message":"multithreading is set to false"}
{"logLevel":"debug","message":"Using reflection to scan dependencies for gauge implementations..."}
SLF4J: Failed to load class "org.slf4j.impl.StaticLoggerBinder".
SLF4J: Defaulting to no-operation (NOP) logger implementation
SLF4J: See http://www.slf4j.org/codes.html#StaticLoggerBinder for further details.
{"logLevel":"debug","message":"gauge-java took 623milliseconds to load and scan. This should be less than 'runner_connection_timeout' config value."}
{"logLevel":"debug","message":"run 'gauge config runner_connection_timeout' and verify that it is < 623"}
{"logLevel":"debug","message":"starting gRPC server..."}
{"logLevel":"debug","message":"started gRPC server on port 52482"}
{"logLevel":"info","message":"Listening on port:52482"}
{"logLevel":"debug","message":"Scanning packages for steps"}
{"logLevel":"debug","message":"Comparing 'BasePage.swipeUp' and 'BasePage.swipeUp'"}
{"logLevel":"debug","message":"Found Swipe {} times the page up in current project scope."}
{"logLevel":"debug","message":"Comparing 'BasePage.typeTextThatElementWithId' and 'BasePage.typeTextThatElementWithId'"}
{"logLevel":"debug","message":"Found Type that {} to element with that id {} in current project scope."}
{"logLevel":"debug","message":"Comparing 'BasePage.clickById' and 'BasePage.clickById'"}
{"logLevel":"debug","message":"Found Click element with that id {} in current project scope."}
{"logLevel":"debug","message":"Comparing 'BasePage.chooseSizeFromList' and 'BasePage.chooseSizeFromList'"}
{"logLevel":"debug","message":"Found Choose size from product page's id of {} in current project scope."}
{"logLevel":"debug","message":"Comparing 'BasePage.chooseRandomWithResourceId' and 'BasePage.chooseRandomWithResourceId'"}
{"logLevel":"debug","message":"Found Choose random product from RecyclerView with {} in current project scope."}
{"logLevel":"debug","message":"Comparing 'BasePage.clickByClassName' and 'BasePage.clickByClassName'"}
{"logLevel":"debug","message":"Found Click element with that text {} in current project scope."}
{"logLevel":"debug","message":"Comparing 'BasePage.controlApplicationIsRunning' and 'BasePage.controlApplicationIsRunning'"}
{"logLevel":"debug","message":"Found Control application is up! in current project scope."}
{"logLevel":"debug","message":"Comparing 'BasePage.waitForSeconds' and 'BasePage.waitForSeconds'"}
{"logLevel":"debug","message":"Found Wait {} seconds in current project scope."}
{"logLevel":"debug","message":"Scanning packages for hooks"}
{"logLevel":"debug","message":"Scanned steps (using static parsing + reflections): "}
{"logLevel":"debug","message":"\tClick element with that id {} : public void clickById(String selectorId)"}
{"logLevel":"debug","message":"\tClick element with that text {} : public void clickByClassName(String textName)"}
{"logLevel":"debug","message":"\tSwipe {} times the page up : public void swipeUp(ınt number)"}
{"logLevel":"debug","message":"\tType that {} to element with that id {} : public void typeTextThatElementWithId(String text, String selectorId)"}
{"logLevel":"debug","message":"\tChoose random product from RecyclerView with {} : public void chooseRandomWithResourceId(String resourceId)"}
{"logLevel":"debug","message":"\tChoose size from product page's id of {} : public void chooseSizeFromList(String sizeListElement)"}
{"logLevel":"debug","message":"\tWait {} seconds : public void waitForSeconds(ınt time) throws InterruptedException"}
{"logLevel":"debug","message":"\tControl application is up! : public void controlApplicationIsRunning()"}
Ara 07, 2021 12:45:25 PM io.appium.java_client.remote.AppiumCommandExecutor$1 lambda$0
INFO: Detected dialect: W3C
{"logLevel":"debug","message":"Executing 'Wait {} seconds' using 'class BasePage.waitForSeconds"}
Waited 2 seconds.
{"logLevel":"debug","message":"Executing 'Control application is up!' using 'class BasePage.controlApplicationIsRunning"}
{"logLevel":"info","message":"Application is running!"}
{"logLevel":"debug","message":"Executing 'Wait {} seconds' using 'class BasePage.waitForSeconds"}
Waited 2 seconds.
{"logLevel":"debug","message":"Executing 'Click element with that id {}' using 'class BasePage.clickById"}
Clicked that id element: com.ozdilek.ozdilekteyim:id/tv_startShoppingStore
{"logLevel":"debug","message":"Executing 'Wait {} seconds' using 'class BasePage.waitForSeconds"}
Waited 3 seconds.
{"logLevel":"debug","message":"Executing 'Click element with that id {}' using 'class BasePage.clickById"}
Clicked that id element: com.ozdilek.ozdilekteyim:id/nav_categories
{"logLevel":"debug","message":"Executing 'Wait {} seconds' using 'class BasePage.waitForSeconds"}
Waited 3 seconds.
{"logLevel":"debug","message":"Executing 'Click element with that text {}' using 'class BasePage.clickByClassName"}
Click that text: Kadın
{"logLevel":"debug","message":"Executing 'Wait {} seconds' using 'class BasePage.waitForSeconds"}
Waited 3 seconds.
{"logLevel":"debug","message":"Executing 'Click element with that text {}' using 'class BasePage.clickByClassName"}
Click that text: Pantolon
{"logLevel":"debug","message":"Executing 'Wait {} seconds' using 'class BasePage.waitForSeconds"}
Waited 3 seconds.
{"logLevel":"debug","message":"Executing 'Swipe {} times the page up' using 'class BasePage.swipeUp"}
Page swiped up 2 times.
{"logLevel":"debug","message":"Executing 'Wait {} seconds' using 'class BasePage.waitForSeconds"}
Waited 3 seconds.
{"logLevel":"debug","message":"Executing 'Choose random product from RecyclerView with {}' using 'class BasePage.chooseRandomWithResourceId"}
Catalog pictures size: 6
{"logLevel":"debug","message":"Executing 'Wait {} seconds' using 'class BasePage.waitForSeconds"}
Waited 3 seconds.
{"logLevel":"debug","message":"Executing 'Click element with that id {}' using 'class BasePage.clickById"}
Clicked that id element: com.ozdilek.ozdilekteyim:id/imgFav
{"logLevel":"debug","message":"Executing 'Wait {} seconds' using 'class BasePage.waitForSeconds"}
Waited 3 seconds.
{"logLevel":"debug","message":"Executing 'Type that {} to element with that id {}' using 'class BasePage.typeTextThatElementWithId"}
example@mail.com typed to that id element: com.ozdilek.ozdilekteyim:id/etEposta
{"logLevel":"debug","message":"Executing 'Wait {} seconds' using 'class BasePage.waitForSeconds"}
Waited 3 seconds.
{"logLevel":"debug","message":"Executing 'Type that {} to element with that id {}' using 'class BasePage.typeTextThatElementWithId"}
password1234 typed to that id element: com.ozdilek.ozdilekteyim:id/etPassword
{"logLevel":"debug","message":"Executing 'Wait {} seconds' using 'class BasePage.waitForSeconds"}
Waited 3 seconds.
{"logLevel":"debug","message":"Executing 'Click element with that id {}' using 'class BasePage.clickById"}
Clicked that id element: com.ozdilek.ozdilekteyim:id/btnLogin
{"logLevel":"debug","message":"Executing 'Wait {} seconds' using 'class BasePage.waitForSeconds"}
Waited 5 seconds.
{"logLevel":"debug","message":"Executing 'Click element with that id {}' using 'class BasePage.clickById"}
Clicked that id element: com.ozdilek.ozdilekteyim:id/ivBack
{"logLevel":"debug","message":"Executing 'Wait {} seconds' using 'class BasePage.waitForSeconds"}
Waited 3 seconds.
{"logLevel":"debug","message":"Executing 'Click element with that id {}' using 'class BasePage.clickById"}
Clicked that id element: com.ozdilek.ozdilekteyim:id/ivBack
{"logLevel":"debug","message":"Executing 'Wait {} seconds' using 'class BasePage.waitForSeconds"}
Waited 3 seconds.
{"logLevel":"debug","message":"Executing 'Choose random product from RecyclerView with {}' using 'class BasePage.chooseRandomWithResourceId"}
Catalog pictures size: 6
{"logLevel":"debug","message":"Executing 'Wait {} seconds' using 'class BasePage.waitForSeconds"}
Waited 3 seconds.
{"logLevel":"debug","message":"Executing 'Choose size from product page's id of {}' using 'class BasePage.chooseSizeFromList"}
SizeList element count: 2
{"logLevel":"debug","message":"Executing 'Wait {} seconds' using 'class BasePage.waitForSeconds"}
Waited 3 seconds.
{"logLevel":"debug","message":"Executing 'Click element with that id {}' using 'class BasePage.clickById"}
Clicked that id element: com.ozdilek.ozdilekteyim:id/relLayAddCartBtn
{"logLevel":"debug","message":"Executing 'Wait {} seconds' using 'class BasePage.waitForSeconds"}
Waited 6 seconds.
{"logLevel":"debug","message":"Killing Java runner..."}
{"logLevel":"debug","message":"Stopping execution pool..."}
{"logLevel":"debug","message":"Shutting down grpc server..."}
{"logLevel":"debug","message":"Runner killed gracefully."}
